2025-06-25 07:57:41,980 - INFO - 
╔══════════════════════════════════════════════════════════════╗
║            🚀 本地财务管理系统启动器 v1.0                      ║
║                Local Financial System Launcher                ║
║                      无Docker本地开发版                        ║
╚══════════════════════════════════════════════════════════════╝

🕒 启动时间: 2025-06-25 07:57:41
💻 操作系统: Darwin
📁 项目路径: /Users/mac/Downloads/WorkFiles/Githubstars/Financialmanagementsystems
🌐 运行模式: 本地开发模式 (无Docker依赖)

2025-06-25 07:57:41,980 - INFO - 🎵 播放30秒本地系统启动轻音乐...
2025-06-25 07:57:41,980 - INFO - 🌙 深夜模式：本地系统启动完成，播放轻柔提醒...
2025-06-25 07:57:41,980 - INFO - 🔍 检查本地开发环境...
2025-06-25 07:57:42,161 - INFO - ✅ Node.js 已安装: v22.13.1
2025-06-25 07:57:42,475 - INFO - ✅ NPM 已安装: 10.9.2
2025-06-25 07:57:42,475 - INFO - ✅ 端口 3000 可用
2025-06-25 07:57:42,476 - INFO - ✅ 端口 8000 可用
2025-06-25 07:57:42,476 - INFO - 📦 安装项目依赖...
2025-06-25 07:57:42,476 - INFO - 🎨 安装前端依赖...
2025-06-25 07:57:46,538 - INFO - ✅ 前端依赖安装完成
2025-06-25 07:57:46,539 - INFO - ⚡ 安装后端依赖...
2025-06-25 07:57:49,214 - INFO - ✅ 后端依赖安装完成
2025-06-25 07:57:49,214 - INFO - 🗄️ 配置数据库替代方案...
2025-06-25 07:57:49,215 - INFO - ✅ 数据库配置已更新为SQLite
2025-06-25 07:57:49,216 - INFO - ⚡ 启动后端服务...
2025-06-25 07:57:49,216 - INFO - 🔧 生成数据库客户端...
2025-06-25 07:57:50,145 - INFO - 🔄 运行数据库迁移...
2025-06-25 07:57:50,604 - INFO - 🚀 启动后端API服务...
2025-06-25 07:57:50,605 - INFO - ✅ 后端服务启动中...
2025-06-25 07:57:55,607 - INFO - 🎨 启动前端服务...
2025-06-25 07:57:55,608 - INFO - 🚀 启动前端开发服务器...
2025-06-25 07:57:55,610 - INFO - ✅ 前端服务启动中...
2025-06-25 07:58:02,316 - INFO - ✅ 30秒本地系统启动轻音乐播放完成
2025-06-25 07:58:13,622 - INFO - 💊 系统健康检查...
2025-06-25 07:58:13,724 - INFO - ✅ frontend 服务健康
2025-06-25 07:58:13,725 - INFO - ⚠️  backend 服务启动中...
2025-06-25 07:58:13,725 - INFO - 📊 系统健康度: 50% (1/2)
2025-06-25 07:58:13,725 - INFO - 🌐 打开浏览器...
2025-06-25 07:58:13,939 - INFO - ✅ 浏览器已打开
2025-06-25 07:58:13,940 - INFO - 
╔══════════════════════════════════════════════════════════════╗
║                    🎉 系统启动成功！                          ║
╚══════════════════════════════════════════════════════════════╝

🌐 前端界面: http://localhost:3000
⚡ 后端API: http://localhost:8000
📊 系统状态: 运行中
🕒 启动时间: 2025-06-25 07:57:41

💡 提示:
- 前端界面已在浏览器中打开
- 后端API服务正在运行
- 使用 Ctrl+C 停止所有服务

🎵 正在播放30秒启动成功轻音乐...

