2025-06-25 07:33:04,053 - INFO - 🎵 启动30秒系统启动轻音乐提醒...
2025-06-25 07:33:04,054 - INFO - 🌙 深夜模式：系统启动完成，播放轻柔提醒...
2025-06-25 07:33:24,771 - INFO - 🔍 第一阶段：环境检查...
2025-06-25 07:33:24,902 - INFO - ✅ Docker 容器引擎 已安装: Docker version 28.2.2, build e6534b4
2025-06-25 07:33:25,090 - INFO - ✅ Docker Compose 已安装: Docker Compose version v2.37.1-desktop.1
2025-06-25 07:33:25,238 - INFO - ✅ Node.js 运行时 已安装: v22.13.1
2025-06-25 07:33:25,560 - INFO - ✅ NPM 包管理器 已安装: 10.9.2
2025-06-25 07:33:25,595 - INFO - ✅ Node.js版本符合要求: v22.13.1
2025-06-25 07:33:25,596 - INFO - ✅ 端口 3000 (前端界面) 可用
2025-06-25 07:33:25,596 - INFO - ✅ 端口 8000 (后端API) 可用
2025-06-25 07:33:25,596 - INFO - ✅ 端口 5432 (PostgreSQL) 可用
2025-06-25 07:33:25,596 - INFO - ✅ 端口 6379 (Redis缓存) 可用
2025-06-25 07:33:25,597 - INFO - ✅ 端口 5050 (数据库管理) 可用
2025-06-25 07:33:25,597 - INFO - 🎯 环境检查完成！
2025-06-25 07:33:25,597 - INFO - 📦 第二阶段：依赖管理...
2025-06-25 07:33:25,597 - INFO - 📝 设置环境配置文件...
2025-06-25 07:33:25,597 - INFO - 📋 安装根目录依赖...
2025-06-25 07:33:29,157 - INFO - ✅ 根目录依赖安装完成
2025-06-25 07:33:29,158 - INFO - 🎨 安装前端依赖...
2025-06-25 07:33:30,700 - INFO - ✅ 前端依赖安装完成
2025-06-25 07:33:30,701 - INFO - ⚡ 安装后端依赖...
2025-06-25 07:33:32,293 - INFO - ✅ 后端依赖安装完成
2025-06-25 07:33:32,293 - INFO - 🎯 依赖管理完成！
2025-06-25 07:33:32,293 - INFO - 🗄️ 第三阶段：数据库服务...
2025-06-25 07:33:32,293 - INFO - 🔄 清理旧容器...
2025-06-25 07:33:32,487 - INFO - ❌ Docker Compose 命令失败: Command '['docker-compose', 'down', '--remove-orphans']' returned non-zero exit status 1.
2025-06-25 07:33:32,488 - INFO - 🚀 启动数据库服务...
2025-06-25 07:33:32,678 - INFO - ❌ Docker Compose 命令失败: Command '['docker-compose', 'up', '-d', 'postgres', 'redis']' returned non-zero exit status 1.
